<?xml version="1.0" encoding="UTF-8"?>
<!-- Generated by org.testng.reporters.JUnitReportReporter -->
<testsuite hostname="IN-JGTM0F3" failures="0" tests="4" name="pkj1.DynamicJson" time="1.703" errors="0" timestamp="2023-03-17T12:20:29 IST" skipped="0">
  <testcase classname="pkj1.DynamicJson" name="addBook1" time="0.077"/>
  <system-out/>
  <testcase classname="pkj1.DynamicJson" name="addBookFileData" time="0.079"/>
  <system-out/>
  <testcase classname="pkj1.DynamicJson" name="addBook" time="1.473"/>
  <system-out/>
  <testcase classname="pkj1.DynamicJson" name="addBook1" time="0.074"/>
  <system-out/>
</testsuite> <!-- pkj1.DynamicJson -->
