<?xml version="1.0" encoding="UTF-8"?>
<!-- Generated by org.testng.reporters.JUnitReportReporter -->
<testsuite hostname="IN-JGTM0F3" failures="0" tests="1" name="pkj1.sumValidation" time="1.112" errors="0" timestamp="2023-03-12T13:58:28 IST" skipped="0">
  <testcase classname="pkj1.sumValidation" name="sumOfcourses" time="1.112"/>
  <system-out/>
</testsuite> <!-- pkj1.sumValidation -->
